<?xml version="1.0" encoding="UTF-8"?>
<!-- Generated by org.testng.reporters.JUnitReportReporter -->
<testsuite hostname="DESKTOP-OCRHRAL" failures="0" tests="1" name="frontautomation.testprogram" time="0.010" errors="0" timestamp="2023-08-31T11:49:33 BST" skipped="0">
  <testcase classname="frontautomation.testprogram" name="openwindow" time="0.010"/>
  <system-out/>
</testsuite> <!-- frontautomation.testprogram -->
